<?xml version="1.0" encoding="UTF-8"?>
<!-- Generated by org.testng.reporters.JUnitReportReporter -->
<testsuite hostname="DESKTOP-972N72V" failures="0" tests="3" name="eCommerceFirstProject.FrameWorkSeleniumTest.EcommerceApplicationTest" time="30.131" errors="0" timestamp="2024-06-17T11:36:24 IST" skipped="0">
  <testcase classname="eCommerceFirstProject.FrameWorkSeleniumTest.EcommerceApplicationTest" name="application" time="14.779"/>
  <testcase classname="eCommerceFirstProject.FrameWorkSeleniumTest.EcommerceApplicationTest" name="orderapplication" time="3.490"/>
  <testcase classname="eCommerceFirstProject.FrameWorkSeleniumTest.EcommerceApplicationTest" name="application" time="11.862"/>
</testsuite> <!-- eCommerceFirstProject.FrameWorkSeleniumTest.EcommerceApplicationTest -->
