<?xml version="1.0" encoding="UTF-8"?>
<!-- Generated by org.testng.reporters.JUnitReportReporter -->
<testsuite hostname="DESKTOP-972N72V" failures="0" tests="1" name="eCommerceFirstProject.FrameWorkSeleniumTest.EcommerceTestAssertion" time="2.894" errors="0" timestamp="2024-05-24T10:42:10 IST" skipped="0">
  <testcase classname="eCommerceFirstProject.FrameWorkSeleniumTest.EcommerceTestAssertion" name="application" time="2.894"/>
</testsuite> <!-- eCommerceFirstProject.FrameWorkSeleniumTest.EcommerceTestAssertion -->
