<?xml version="1.0" encoding="UTF-8"?>
<!-- Generated by org.testng.reporters.JUnitReportReporter -->
<testsuite hostname="DESKTOP-972N72V" failures="0" tests="1" name="eCommerceFirstProject.FrameWorkSeleniumTest.GenerateReports" time="8.909" errors="0" timestamp="2024-05-30T20:46:50 IST" skipped="0">
  <testcase classname="eCommerceFirstProject.FrameWorkSeleniumTest.GenerateReports" name="launchBrowser" time="8.909"/>
</testsuite> <!-- eCommerceFirstProject.FrameWorkSeleniumTest.GenerateReports -->
