<?xml version="1.0" encoding="UTF-8"?>
<!-- Generated by org.testng.reporters.JUnitReportReporter -->
<testsuite hostname="DESKTOP-972N72V" failures="0" tests="1" name="eCommerceFirstProject.FrameWorkSeleniumTest.EcommerceApplication" time="16.565" errors="0" timestamp="2024-05-23T11:31:43 IST" skipped="0">
  <testcase classname="eCommerceFirstProject.FrameWorkSeleniumTest.EcommerceApplication" name="application" time="16.565"/>
</testsuite> <!-- eCommerceFirstProject.FrameWorkSeleniumTest.EcommerceApplication -->
