<?xml version="1.0" encoding="UTF-8"?>
<!-- Generated by org.testng.reporters.JUnitReportReporter -->
<testsuite hostname="DESKTOP-972N72V" failures="0" tests="3" name="eCommerceFirstProject.FrameWorkSeleniumTest.EcommerceApplicationTest" time="23.810" errors="0" timestamp="2024-06-12T10:44:08 IST" skipped="0">
  <testcase classname="eCommerceFirstProject.FrameWorkSeleniumTest.EcommerceApplicationTest" name="orderapplication" time="2.755"/>
  <testcase classname="eCommerceFirstProject.FrameWorkSeleniumTest.EcommerceApplicationTest" name="application" time="16.312"/>
  <testcase classname="eCommerceFirstProject.FrameWorkSeleniumTest.EcommerceApplicationTest" name="application" time="4.743"/>
</testsuite> <!-- eCommerceFirstProject.FrameWorkSeleniumTest.EcommerceApplicationTest -->
