<?xml version="1.0" encoding="UTF-8"?>
<!-- Generated by org.testng.reporters.JUnitReportReporter -->
<testsuite hostname="DESKTOP-972N72V" failures="0" tests="2" name="eCommerceFirstProject.FrameWorkSeleniumTest.EcommerceTestAssertionTest" time="13.709" errors="0" timestamp="2024-06-12T10:44:08 IST" skipped="0">
  <testcase classname="eCommerceFirstProject.FrameWorkSeleniumTest.EcommerceTestAssertionTest" name="errorValidationTest" time="2.751"/>
  <testcase classname="eCommerceFirstProject.FrameWorkSeleniumTest.EcommerceTestAssertionTest" name="errorValidate" time="10.958"/>
</testsuite> <!-- eCommerceFirstProject.FrameWorkSeleniumTest.EcommerceTestAssertionTest -->
